[2023-07-11 00:02:13] INFO root fetch - main [MainThread]: Get Changelog since Serial: [18836819]
[2023-07-11 00:02:18] INFO root fetch - main [MainThread]: Found 21 changed packages
[2023-07-11 00:02:18] INFO root fetch - processPackages [ThreadPoolExecutor-0_0]: Start processing: KuiToi-PyLib
[2023-07-11 00:02:18] INFO root fetch - processPackages [ThreadPoolExecutor-0_1]: Start processing: pymetastore
[2023-07-11 00:02:18] INFO root fetch - processPackages [ThreadPoolExecutor-0_2]: Start processing: simple-git-versioning
[2023-07-11 00:02:18] INFO root fetch - processPackages [ThreadPoolExecutor-0_3]: Start processing: openapi-server-test
[2023-07-11 00:02:18] INFO root fetch - processPackages [ThreadPoolExecutor-0_4]: Start processing: ds-modules-101
[2023-07-11 00:02:18] INFO root fetch - processPackages [ThreadPoolExecutor-0_5]: Start processing: pygments-rzk
[2023-07-11 00:02:18] INFO root fetch - processPackages [ThreadPoolExecutor-0_6]: Start processing: NeuralFoil
[2023-07-11 00:02:18] INFO root fetch - processPackages [ThreadPoolExecutor-0_7]: Start processing: echofish-aws-raw-to-zarr-lambda
[2023-07-11 00:02:18] INFO root fetch - processPackages [ThreadPoolExecutor-0_8]: Start processing: composabl-dev
[2023-07-11 00:02:18] INFO root fetch - processPackages [ThreadPoolExecutor-0_9]: Start processing: KuiToi
[2023-07-11 00:02:18] INFO root fetch - processPackages [simple-git-versioning]: New version: [0.1.6] Old Version: [0.1.4]
[2023-07-11 00:02:18] INFO root fetch - processPackages [pymetastore]: New version: [0.4.0] Old Version: [0.3.1]
[2023-07-11 00:02:18] INFO root fetch - processPackages [echofish-aws-raw-to-zarr-lambda]: New version: [1.0.0.dev20230710213951] Old Version: [1.0.0.dev20230710204510]
[2023-07-11 00:02:18] INFO root fetch - processPackages [openapi-server-test]: New version: [1.0.33] Old Version: [1.0.32]
[2023-07-11 00:02:18] INFO root fetch - processPackages [NeuralFoil]: New version: [0.1.3] Old Version: [0.1.2]
[2023-07-11 00:02:18] INFO root fetch - processPackages [pygments-rzk]: New version: [0.1.3] Old Version: [0.1.2]
[2023-07-11 00:02:18] WARNING root fetch - processPackages [KuiToi]: Skipping, unable to determine old version
[2023-07-11 00:02:18] INFO root fetch - processPackages [KuiToi]: Start processing: datapipe-core
[2023-07-11 00:02:18] INFO root fetch - main [MainThread]: End processing [KuiToi] error
[2023-07-11 00:02:18] INFO root fetch - processPackages [composabl-dev]: New version: [0.2.3.dev3] Old Version: [0.2.3.dev28]
[2023-07-11 00:02:18] INFO root fetch - processPackages [ds-modules-101]: New version: [0.9.3] Old Version: [0.9.2]
[2023-07-11 00:02:18] ERROR root fetch - processPackages [KuiToi-PyLib]: Unable to get metadata: No such project 'KuiToi-PyLib'
[2023-07-11 00:02:18] INFO root fetch - processPackages [KuiToi-PyLib]: Start processing: dnspropagation
[2023-07-11 00:02:18] INFO root fetch - main [MainThread]: End processing [KuiToi-PyLib] error
[2023-07-11 00:02:18] INFO root fetch - processPackages [datapipe-core]: New version: [0.12.0a2] Old Version: [0.11.9a6]
[2023-07-11 00:02:18] INFO root fetch - processPackages [dnspropagation]: New version: [0.0.4] Old Version: [0.0.3]
[2023-07-11 00:02:18] INFO root fetch - processPackages [echofish-aws-raw-to-zarr-lambda]: Downloading https://files.pythonhosted.org/packages/e1/f1/dda3b2be3c7c7da1a9f7f852fa61dc5188faf941ab1c290c6b83c33c5be2/echofish-aws-raw-to-zarr-lambda-1.0.0.dev20230710204510.tar.gz
[2023-07-11 00:02:18] INFO root fetch - processPackages [simple-git-versioning]: Downloading https://files.pythonhosted.org/packages/17/2c/9e565e0748336f1fa254b3c197773af55fcc3754d70b7404a3df1438f98b/simple-git-versioning-0.1.4.tar.gz
[2023-07-11 00:02:18] INFO root fetch - processPackages [pymetastore]: Downloading https://files.pythonhosted.org/packages/5d/c4/50ccc06c68a296285f9435689590cd732f1eeddd039ec407e5cdf49e6b05/pymetastore-0.3.1.tar.gz
[2023-07-11 00:02:18] INFO root fetch - processPackages [openapi-server-test]: Downloading https://files.pythonhosted.org/packages/72/84/690cf5f56b996cd6c85f9f85f0d83061b179f537c9aee18b8726e50f80df/openapi_server_test-1.0.32.tar.gz
[2023-07-11 00:02:18] INFO root fetch - processPackages [composabl-dev]: Downloading https://files.pythonhosted.org/packages/3d/05/24c12d5b209e652c166bf756ce8ffbee278067ca302c3fb5cd4ac491b107/composabl_dev-0.2.3.dev28-cp38-cp38-musllinux_1_1_x86_64.whl
[2023-07-11 00:02:18] INFO root fetch - processPackages [ds-modules-101]: Downloading https://files.pythonhosted.org/packages/05/ae/93bb1a4253bc7e9f78118b1a012345751bba3559b87dbda05fb3a18e1e43/ds_modules_101-0.9.2.tar.gz
[2023-07-11 00:02:19] INFO root fetch - processPackages [NeuralFoil]: Downloading https://files.pythonhosted.org/packages/32/f5/ec345697734438591fd9583d5725438d657067470780cff090929cc41683/NeuralFoil-0.1.2.tar.gz
[2023-07-11 00:02:19] INFO root fetch - processPackages [datapipe-core]: Downloading https://files.pythonhosted.org/packages/a7/ab/d5a31d74a132d1ec3ae034da20b24a6e45479033748fe0e18c4bf0c39a39/datapipe_core-0.11.9a6.tar.gz
[2023-07-11 00:02:19] INFO root fetch - processPackages [pygments-rzk]: Downloading https://files.pythonhosted.org/packages/4d/62/31c3f746f1d9c63fb9c282c63e0af85bb2e1bd4d127fcefcec95f154fcf8/pygments-rzk-0.1.2.tar.gz
[2023-07-11 00:02:19] INFO root fetch - processPackages [echofish-aws-raw-to-zarr-lambda]: Downloading https://files.pythonhosted.org/packages/8f/01/da68d484c110b7645ac9dba88b0e85b136a70a88efd247a3744b85331ebc/echofish-aws-raw-to-zarr-lambda-1.0.0.dev20230710213951.tar.gz
[2023-07-11 00:02:19] INFO root fetch - processPackages [simple-git-versioning]: Downloading https://files.pythonhosted.org/packages/46/cf/710635516817265427d647a2c48ead228a34bde36b2b60392e21f1eae0e1/simple-git-versioning-0.1.6.tar.gz
[2023-07-11 00:02:19] INFO root fetch - processPackages [pymetastore]: Downloading https://files.pythonhosted.org/packages/93/f6/adfde9497b2ab5a1420782dafdcbdb6e7c32ac351971d0b6c22b4e64d9ab/pymetastore-0.4.0.tar.gz
[2023-07-11 00:02:19] INFO root fetch - processPackages [dnspropagation]: Downloading https://files.pythonhosted.org/packages/49/66/510d4f81f15fb025cd00f69bbe0bc84bdc72a00d76404e9f908b7c3c5b9c/dnspropagation-0.0.3.tar.gz
[2023-07-11 00:02:19] INFO root fetch - processPackages [openapi-server-test]: Downloading https://files.pythonhosted.org/packages/87/94/7a03faaff59e8726235d336477fa4c09cc466378ed7d31022fac52c248c8/openapi_server_test-1.0.33.tar.gz
[2023-07-11 00:02:19] INFO root fetch - processPackages [echofish-aws-raw-to-zarr-lambda]: executing diffoscope
[2023-07-11 00:02:19] INFO root fetch - processPackages [echofish-aws-raw-to-zarr-lambda]: podman run --user 0:0 --rm -w /home/abi/fetcher -v /home/abi/fetcher/tmp:/home/abi/fetcher/tmp:ro -v /home/abi/fetcher/20230711:/home/abi/fetcher/20230711:rw registry.salsa.debian.org/reproducible-builds/diffoscope --no-progress tmp/echofish-aws-raw-to-zarr-lambda-1.0.0.dev20230710204510.tar.gz tmp/echofish-aws-raw-to-zarr-lambda-1.0.0.dev20230710213951.tar.gz --markdown 20230711/e/echofish-aws-raw-to-zarr-lambda/1.0.0.dev20230710204510-1.0.0.dev20230710213951/diff.md --exclude *.pyd
[2023-07-11 00:02:19] INFO root fetch - processPackages [simple-git-versioning]: executing diffoscope
[2023-07-11 00:02:19] INFO root fetch - processPackages [simple-git-versioning]: podman run --user 0:0 --rm -w /home/abi/fetcher -v /home/abi/fetcher/tmp:/home/abi/fetcher/tmp:ro -v /home/abi/fetcher/20230711:/home/abi/fetcher/20230711:rw registry.salsa.debian.org/reproducible-builds/diffoscope --no-progress tmp/simple-git-versioning-0.1.4.tar.gz tmp/simple-git-versioning-0.1.6.tar.gz --markdown 20230711/s/simple-git-versioning/0.1.4-0.1.6/diff.md --exclude *.pyd
[2023-07-11 00:02:19] INFO root fetch - processPackages [pymetastore]: executing diffoscope
[2023-07-11 00:02:19] INFO root fetch - processPackages [pymetastore]: podman run --user 0:0 --rm -w /home/abi/fetcher -v /home/abi/fetcher/tmp:/home/abi/fetcher/tmp:ro -v /home/abi/fetcher/20230711:/home/abi/fetcher/20230711:rw registry.salsa.debian.org/reproducible-builds/diffoscope --no-progress tmp/pymetastore-0.3.1.tar.gz tmp/pymetastore-0.4.0.tar.gz --markdown 20230711/p/pymetastore/0.3.1-0.4.0/diff.md --exclude *.pyd
[2023-07-11 00:02:19] INFO root fetch - processPackages [ds-modules-101]: Downloading https://files.pythonhosted.org/packages/ed/52/0cc85a061987872949f21e4768730381fbfbe2cb00457bf491164f709f2c/ds_modules_101-0.9.3.tar.gz
[2023-07-11 00:02:19] INFO root fetch - processPackages [pygments-rzk]: Downloading https://files.pythonhosted.org/packages/e7/71/291f27e418b8cbd20c859282c45967882786ea90710db90573feb22723ce/pygments-rzk-0.1.3.tar.gz
[2023-07-11 00:02:19] INFO root fetch - processPackages [datapipe-core]: Downloading https://files.pythonhosted.org/packages/fc/8b/76e1fcd29158226173fe9a3a073e26d909cdf01ccb17ddc8985f731be987/datapipe_core-0.12.0a2.tar.gz
[2023-07-11 00:02:19] INFO root fetch - processPackages [openapi-server-test]: executing diffoscope
[2023-07-11 00:02:19] INFO root fetch - processPackages [openapi-server-test]: podman run --user 0:0 --rm -w /home/abi/fetcher -v /home/abi/fetcher/tmp:/home/abi/fetcher/tmp:ro -v /home/abi/fetcher/20230711:/home/abi/fetcher/20230711:rw registry.salsa.debian.org/reproducible-builds/diffoscope --no-progress tmp/openapi_server_test-1.0.32.tar.gz tmp/openapi_server_test-1.0.33.tar.gz --markdown 20230711/o/openapi-server-test/1.0.32-1.0.33/diff.md --exclude *.pyd
[2023-07-11 00:02:19] INFO root fetch - processPackages [dnspropagation]: Downloading https://files.pythonhosted.org/packages/cb/1b/be4e1d9c8788e8ed193b5abf02f1eb5d61f0d6f9aa774a63bcbc24af7dff/dnspropagation-0.0.4.tar.gz
[2023-07-11 00:02:19] INFO root fetch - processPackages [NeuralFoil]: Downloading https://files.pythonhosted.org/packages/b9/9d/a407928f6587b88741935924abfda140897310fd774b4a2d61ed3969f238/NeuralFoil-0.1.3.tar.gz
[2023-07-11 00:02:19] INFO root fetch - processPackages [pygments-rzk]: executing diffoscope
[2023-07-11 00:02:19] INFO root fetch - processPackages [pygments-rzk]: podman run --user 0:0 --rm -w /home/abi/fetcher -v /home/abi/fetcher/tmp:/home/abi/fetcher/tmp:ro -v /home/abi/fetcher/20230711:/home/abi/fetcher/20230711:rw registry.salsa.debian.org/reproducible-builds/diffoscope --no-progress tmp/pygments-rzk-0.1.2.tar.gz tmp/pygments-rzk-0.1.3.tar.gz --markdown 20230711/p/pygments-rzk/0.1.2-0.1.3/diff.md --exclude *.pyd
[2023-07-11 00:02:19] INFO root fetch - processPackages [datapipe-core]: executing diffoscope
[2023-07-11 00:02:19] INFO root fetch - processPackages [datapipe-core]: podman run --user 0:0 --rm -w /home/abi/fetcher -v /home/abi/fetcher/tmp:/home/abi/fetcher/tmp:ro -v /home/abi/fetcher/20230711:/home/abi/fetcher/20230711:rw registry.salsa.debian.org/reproducible-builds/diffoscope --no-progress tmp/datapipe_core-0.11.9a6.tar.gz tmp/datapipe_core-0.12.0a2.tar.gz --markdown 20230711/d/datapipe-core/0.11.9a6-0.12.0a2/diff.md --exclude *.pyd
[2023-07-11 00:02:20] INFO root fetch - processPackages [dnspropagation]: executing diffoscope
[2023-07-11 00:02:20] INFO root fetch - processPackages [dnspropagation]: podman run --user 0:0 --rm -w /home/abi/fetcher -v /home/abi/fetcher/tmp:/home/abi/fetcher/tmp:ro -v /home/abi/fetcher/20230711:/home/abi/fetcher/20230711:rw registry.salsa.debian.org/reproducible-builds/diffoscope --no-progress tmp/dnspropagation-0.0.3.tar.gz tmp/dnspropagation-0.0.4.tar.gz --markdown 20230711/d/dnspropagation/0.0.3-0.0.4/diff.md --exclude *.pyd
[2023-07-11 00:02:20] INFO root fetch - processPackages [ds-modules-101]: executing diffoscope
[2023-07-11 00:02:20] INFO root fetch - processPackages [ds-modules-101]: podman run --user 0:0 --rm -w /home/abi/fetcher -v /home/abi/fetcher/tmp:/home/abi/fetcher/tmp:ro -v /home/abi/fetcher/20230711:/home/abi/fetcher/20230711:rw registry.salsa.debian.org/reproducible-builds/diffoscope --no-progress tmp/ds_modules_101-0.9.2.tar.gz tmp/ds_modules_101-0.9.3.tar.gz --markdown 20230711/d/ds-modules-101/0.9.2-0.9.3/diff.md --exclude *.pyd
[2023-07-11 00:02:20] INFO root fetch - processPackages [NeuralFoil]: executing diffoscope
[2023-07-11 00:02:20] INFO root fetch - processPackages [NeuralFoil]: podman run --user 0:0 --rm -w /home/abi/fetcher -v /home/abi/fetcher/tmp:/home/abi/fetcher/tmp:ro -v /home/abi/fetcher/20230711:/home/abi/fetcher/20230711:rw registry.salsa.debian.org/reproducible-builds/diffoscope --no-progress tmp/NeuralFoil-0.1.2.tar.gz tmp/NeuralFoil-0.1.3.tar.gz --markdown 20230711/N/NeuralFoil/0.1.2-0.1.3/diff.md --exclude *.pyd
[2023-07-11 00:02:20] INFO root fetch - processPackages [composabl-dev]: Downloading https://files.pythonhosted.org/packages/ff/69/caa4f330f35ba0b6828da0dd2e288bf1192a9fa476089150ad877b95dfb6/composabl_dev-0.2.3.dev3-cp38-cp38-musllinux_1_1_x86_64.whl
[2023-07-11 00:02:20] INFO root fetch - processPackages [echofish-aws-raw-to-zarr-lambda]: Remove: archive file [/home/abi/fetcher/tmp/echofish-aws-raw-to-zarr-lambda-1.0.0.dev20230710204510.tar.gz]
[2023-07-11 00:02:20] INFO root fetch - processPackages [echofish-aws-raw-to-zarr-lambda]: Remove: archive file [/home/abi/fetcher/tmp/echofish-aws-raw-to-zarr-lambda-1.0.0.dev20230710213951.tar.gz]
[2023-07-11 00:02:20] INFO root fetch - processPackages [echofish-aws-raw-to-zarr-lambda]: Start processing: calculator-devops-pucminas
[2023-07-11 00:02:20] INFO root fetch - main [MainThread]: End processing [echofish-aws-raw-to-zarr-lambda]: success
[2023-07-11 00:02:20] INFO root fetch - processPackages [simple-git-versioning]: Remove: archive file [/home/abi/fetcher/tmp/simple-git-versioning-0.1.4.tar.gz]
[2023-07-11 00:02:20] INFO root fetch - processPackages [simple-git-versioning]: Remove: archive file [/home/abi/fetcher/tmp/simple-git-versioning-0.1.6.tar.gz]
[2023-07-11 00:02:20] INFO root fetch - processPackages [simple-git-versioning]: Start processing: momoposter
[2023-07-11 00:02:20] INFO root fetch - main [MainThread]: End processing [simple-git-versioning]: success
[2023-07-11 00:02:20] WARNING root fetch - processPackages [momoposter]: Skipping, unable to determine old version
[2023-07-11 00:02:20] INFO root fetch - processPackages [momoposter]: Start processing: bwd
[2023-07-11 00:02:20] INFO root fetch - main [MainThread]: End processing [momoposter] error
[2023-07-11 00:02:20] WARNING root fetch - processPackages [calculator-devops-pucminas]: Skipping, unable to determine old version
[2023-07-11 00:02:20] INFO root fetch - processPackages [calculator-devops-pucminas]: Start processing: noun-decomposition
[2023-07-11 00:02:20] INFO root fetch - main [MainThread]: End processing [calculator-devops-pucminas] error
[2023-07-11 00:02:21] WARNING root fetch - processPackages [bwd]: Skipping, unable to determine old version
[2023-07-11 00:02:21] INFO root fetch - processPackages [bwd]: Start processing: saltext.azurerm
[2023-07-11 00:02:21] INFO root fetch - main [MainThread]: End processing [bwd] error
[2023-07-11 00:02:21] INFO root fetch - processPackages [pymetastore]: Remove: archive file [/home/abi/fetcher/tmp/pymetastore-0.3.1.tar.gz]
[2023-07-11 00:02:21] INFO root fetch - processPackages [pymetastore]: Remove: archive file [/home/abi/fetcher/tmp/pymetastore-0.4.0.tar.gz]
[2023-07-11 00:02:21] INFO root fetch - processPackages [pymetastore]: Start processing: openapi-server-test
[2023-07-11 00:02:21] INFO root fetch - main [MainThread]: End processing [pymetastore]: success
[2023-07-11 00:02:21] INFO root fetch - processPackages [noun-decomposition]: New version: [0.0.2] Old Version: [0.0.1]
[2023-07-11 00:02:21] INFO root fetch - processPackages [saltext.azurerm]: New version: [3.0.0] Old Version: [2.0.2]
[2023-07-11 00:02:21] INFO root fetch - processPackages [openapi-server-test]: New version: [1.0.33] Old Version: [1.0.32]
[2023-07-11 00:02:21] INFO root fetch - processPackages [pygments-rzk]: Remove: archive file [/home/abi/fetcher/tmp/pygments-rzk-0.1.2.tar.gz]
[2023-07-11 00:02:21] INFO root fetch - processPackages [pygments-rzk]: Remove: archive file [/home/abi/fetcher/tmp/pygments-rzk-0.1.3.tar.gz]
[2023-07-11 00:02:21] INFO root fetch - processPackages [pygments-rzk]: Start processing: ds-modules-101
[2023-07-11 00:02:21] INFO root fetch - main [MainThread]: End processing [pygments-rzk]: success
[2023-07-11 00:02:21] INFO root fetch - processPackages [noun-decomposition]: Downloading https://files.pythonhosted.org/packages/aa/ba/22c55890954e2aebc0e936740400f7e439cb3ed201f52cbbb53f27c1b450/noun-decomposition-0.0.1.tar.gz
[2023-07-11 00:02:21] INFO root fetch - processPackages [composabl-dev]: executing diffoscope
[2023-07-11 00:02:21] INFO root fetch - processPackages [composabl-dev]: podman run --user 0:0 --rm -w /home/abi/fetcher -v /home/abi/fetcher/tmp:/home/abi/fetcher/tmp:ro -v /home/abi/fetcher/20230711:/home/abi/fetcher/20230711:rw registry.salsa.debian.org/reproducible-builds/diffoscope --no-progress tmp/composabl_dev-0.2.3.dev28-cp38-cp38-musllinux_1_1_x86_64.whl.zip tmp/composabl_dev-0.2.3.dev3-cp38-cp38-musllinux_1_1_x86_64.whl.zip --markdown 20230711/c/composabl-dev/0.2.3.dev28-0.2.3.dev3/diff.md --exclude *.pyd
[2023-07-11 00:02:21] INFO root fetch - processPackages [ds-modules-101]: New version: [0.9.3] Old Version: [0.9.2]
[2023-07-11 00:02:21] INFO root fetch - processPackages [datapipe-core]: Remove: archive file [/home/abi/fetcher/tmp/datapipe_core-0.11.9a6.tar.gz]
[2023-07-11 00:02:21] INFO root fetch - processPackages [datapipe-core]: Remove: archive file [/home/abi/fetcher/tmp/datapipe_core-0.12.0a2.tar.gz]
[2023-07-11 00:02:21] INFO root fetch - processPackages [datapipe-core]: Start processing: slingshot-ai
[2023-07-11 00:02:21] INFO root fetch - main [MainThread]: End processing [datapipe-core]: success
[2023-07-11 00:02:21] INFO root fetch - processPackages [openapi-server-test]: executing diffoscope
[2023-07-11 00:02:21] INFO root fetch - processPackages [openapi-server-test]: podman run --user 0:0 --rm -w /home/abi/fetcher -v /home/abi/fetcher/tmp:/home/abi/fetcher/tmp:ro -v /home/abi/fetcher/20230711:/home/abi/fetcher/20230711:rw registry.salsa.debian.org/reproducible-builds/diffoscope --no-progress tmp/openapi_server_test-1.0.32.tar.gz tmp/openapi_server_test-1.0.33.tar.gz --markdown 20230711/o/openapi-server-test/1.0.32-1.0.33/diff.md --exclude *.pyd
[2023-07-11 00:02:21] INFO root fetch - processPackages [slingshot-ai]: New version: [0.0.15] Old Version: [0.0.14]
[2023-07-11 00:02:21] INFO root fetch - processPackages [saltext.azurerm]: Downloading https://files.pythonhosted.org/packages/a9/74/33d4bd07921c95b486eddc7c2cbf6ff2d2080eebc36f63b6914e8ec15f6b/saltext.azurerm-2.0.2.tar.gz
[2023-07-11 00:02:21] INFO root fetch - processPackages [openapi-server-test]: Remove: archive file [/home/abi/fetcher/tmp/openapi_server_test-1.0.32.tar.gz]
[2023-07-11 00:02:21] INFO root fetch - processPackages [openapi-server-test]: Remove: archive file [/home/abi/fetcher/tmp/openapi_server_test-1.0.33.tar.gz]
[2023-07-11 00:02:21] INFO root fetch - processPackages [openapi-server-test]: Start processing: heimdallm
[2023-07-11 00:02:21] INFO root fetch - main [MainThread]: End processing [openapi-server-test]: success
[2023-07-11 00:02:21] INFO root fetch - processPackages [dnspropagation]: Remove: archive file [/home/abi/fetcher/tmp/dnspropagation-0.0.3.tar.gz]
[2023-07-11 00:02:21] INFO root fetch - processPackages [dnspropagation]: Remove: archive file [/home/abi/fetcher/tmp/dnspropagation-0.0.4.tar.gz]
[2023-07-11 00:02:21] INFO root fetch - main [MainThread]: End processing [dnspropagation]: success
[2023-07-11 00:02:21] INFO root fetch - processPackages [heimdallm]: New version: [0.2.0] Old Version: [0.1.5]
[2023-07-11 00:02:21] INFO root fetch - processPackages [ds-modules-101]: executing diffoscope
[2023-07-11 00:02:21] INFO root fetch - processPackages [ds-modules-101]: podman run --user 0:0 --rm -w /home/abi/fetcher -v /home/abi/fetcher/tmp:/home/abi/fetcher/tmp:ro -v /home/abi/fetcher/20230711:/home/abi/fetcher/20230711:rw registry.salsa.debian.org/reproducible-builds/diffoscope --no-progress tmp/ds_modules_101-0.9.2.tar.gz tmp/ds_modules_101-0.9.3.tar.gz --markdown 20230711/d/ds-modules-101/0.9.2-0.9.3/diff.md --exclude *.pyd
[2023-07-11 00:02:21] INFO root fetch - processPackages [noun-decomposition]: Downloading https://files.pythonhosted.org/packages/84/57/dbd07c312c06a2c29f2ccd85af7d4cde452beaeab328feb45287b0c265bd/noun-decomposition-0.0.2.tar.gz
[2023-07-11 00:02:21] INFO root fetch - processPackages [slingshot-ai]: Downloading https://files.pythonhosted.org/packages/8b/2e/ade56920d976a495418d99b771147df738edc69c7dd9bb8561056f381609/slingshot_ai-0.0.14.tar.gz
[2023-07-11 00:02:21] INFO root fetch - processPackages [heimdallm]: Downloading https://files.pythonhosted.org/packages/fc/77/f560967e9df81a015e219372131677ba6d979ccd92538b13f64de4480817/heimdallm-0.1.5.tar.gz
[2023-07-11 00:02:21] INFO root fetch - processPackages [ds-modules-101]: Remove: archive file [/home/abi/fetcher/tmp/ds_modules_101-0.9.2.tar.gz]
[2023-07-11 00:02:21] INFO root fetch - processPackages [ds-modules-101]: Remove: archive file [/home/abi/fetcher/tmp/ds_modules_101-0.9.3.tar.gz]
[2023-07-11 00:02:21] INFO root fetch - main [MainThread]: End processing [ds-modules-101]: success
[2023-07-11 00:02:21] INFO root fetch - processPackages [noun-decomposition]: executing diffoscope
[2023-07-11 00:02:21] INFO root fetch - processPackages [noun-decomposition]: podman run --user 0:0 --rm -w /home/abi/fetcher -v /home/abi/fetcher/tmp:/home/abi/fetcher/tmp:ro -v /home/abi/fetcher/20230711:/home/abi/fetcher/20230711:rw registry.salsa.debian.org/reproducible-builds/diffoscope --no-progress tmp/noun-decomposition-0.0.1.tar.gz tmp/noun-decomposition-0.0.2.tar.gz --markdown 20230711/n/noun-decomposition/0.0.1-0.0.2/diff.md --exclude *.pyd
[2023-07-11 00:02:21] INFO root fetch - processPackages [NeuralFoil]: Remove: archive file [/home/abi/fetcher/tmp/NeuralFoil-0.1.2.tar.gz]
[2023-07-11 00:02:21] INFO root fetch - processPackages [NeuralFoil]: Remove: archive file [/home/abi/fetcher/tmp/NeuralFoil-0.1.3.tar.gz]
[2023-07-11 00:02:21] INFO root fetch - main [MainThread]: End processing [NeuralFoil]: success
[2023-07-11 00:02:21] INFO root fetch - processPackages [saltext.azurerm]: Downloading https://files.pythonhosted.org/packages/34/7d/59a8fadbb881e6cb6ad62c759158cf8d932263dff2a620a508fb068a6b6a/saltext.azurerm-3.0.0.tar.gz
[2023-07-11 00:02:21] INFO root fetch - processPackages [heimdallm]: Downloading https://files.pythonhosted.org/packages/1c/e4/74b3409f6eca066da3d754156763a5df9fcac8b5fbd734c538c402bc3762/heimdallm-0.2.0.tar.gz
[2023-07-11 00:02:21] ERROR root fetch - processPackages [openapi-server-test]: Diffoscope failed: time="2023-07-11T00:02:21+02:00" level=error msg="User-selected graph driver \"vfs\" overwritten by graph driver \"overlay\" from database - delete libpod local files to resolve.  May prevent use of images created by other tools"
/srv/diffoscope/bin/diffoscope: tmp/openapi_server_test-1.0.32.tar.gz: No such file or directory
/srv/diffoscope/bin/diffoscope: tmp/openapi_server_test-1.0.33.tar.gz: No such file or directory

[2023-07-11 00:02:21] INFO root fetch - main [MainThread]: End processing [openapi-server-test] error
[2023-07-11 00:02:22] INFO root fetch - processPackages [slingshot-ai]: Downloading https://files.pythonhosted.org/packages/e8/97/9f395b667232a2769cd844abe0405d98c3a3a4c177f5cb2dba0b83833742/slingshot_ai-0.0.15.tar.gz
[2023-07-11 00:02:22] ERROR root fetch - processPackages [ds-modules-101]: Diffoscope failed: time="2023-07-11T00:02:21+02:00" level=error msg="User-selected graph driver \"vfs\" overwritten by graph driver \"overlay\" from database - delete libpod local files to resolve.  May prevent use of images created by other tools"
/srv/diffoscope/bin/diffoscope: tmp/ds_modules_101-0.9.2.tar.gz: No such file or directory
/srv/diffoscope/bin/diffoscope: tmp/ds_modules_101-0.9.3.tar.gz: No such file or directory

[2023-07-11 00:02:22] INFO root fetch - main [MainThread]: End processing [ds-modules-101] error
[2023-07-11 00:02:22] INFO root fetch - processPackages [heimdallm]: executing diffoscope
[2023-07-11 00:02:22] INFO root fetch - processPackages [heimdallm]: podman run --user 0:0 --rm -w /home/abi/fetcher -v /home/abi/fetcher/tmp:/home/abi/fetcher/tmp:ro -v /home/abi/fetcher/20230711:/home/abi/fetcher/20230711:rw registry.salsa.debian.org/reproducible-builds/diffoscope --no-progress tmp/heimdallm-0.1.5.tar.gz tmp/heimdallm-0.2.0.tar.gz --markdown 20230711/h/heimdallm/0.1.5-0.2.0/diff.md --exclude *.pyd
[2023-07-11 00:02:22] INFO root fetch - processPackages [saltext.azurerm]: executing diffoscope
[2023-07-11 00:02:22] INFO root fetch - processPackages [saltext.azurerm]: podman run --user 0:0 --rm -w /home/abi/fetcher -v /home/abi/fetcher/tmp:/home/abi/fetcher/tmp:ro -v /home/abi/fetcher/20230711:/home/abi/fetcher/20230711:rw registry.salsa.debian.org/reproducible-builds/diffoscope --no-progress tmp/saltext.azurerm-2.0.2.tar.gz tmp/saltext.azurerm-3.0.0.tar.gz --markdown 20230711/s/saltext.azurerm/2.0.2-3.0.0/diff.md --exclude *.pyd
[2023-07-11 00:02:22] INFO root fetch - processPackages [slingshot-ai]: executing diffoscope
[2023-07-11 00:02:22] INFO root fetch - processPackages [slingshot-ai]: podman run --user 0:0 --rm -w /home/abi/fetcher -v /home/abi/fetcher/tmp:/home/abi/fetcher/tmp:ro -v /home/abi/fetcher/20230711:/home/abi/fetcher/20230711:rw registry.salsa.debian.org/reproducible-builds/diffoscope --no-progress tmp/slingshot_ai-0.0.14.tar.gz tmp/slingshot_ai-0.0.15.tar.gz --markdown 20230711/s/slingshot-ai/0.0.14-0.0.15/diff.md --exclude *.pyd
[2023-07-11 00:02:22] INFO root fetch - processPackages [noun-decomposition]: Remove: archive file [/home/abi/fetcher/tmp/noun-decomposition-0.0.1.tar.gz]
[2023-07-11 00:02:22] INFO root fetch - processPackages [noun-decomposition]: Remove: archive file [/home/abi/fetcher/tmp/noun-decomposition-0.0.2.tar.gz]
[2023-07-11 00:02:22] INFO root fetch - main [MainThread]: End processing [noun-decomposition]: success
[2023-07-11 00:02:23] INFO root fetch - processPackages [heimdallm]: Remove: archive file [/home/abi/fetcher/tmp/heimdallm-0.1.5.tar.gz]
[2023-07-11 00:02:23] INFO root fetch - processPackages [heimdallm]: Remove: archive file [/home/abi/fetcher/tmp/heimdallm-0.2.0.tar.gz]
[2023-07-11 00:02:23] INFO root fetch - main [MainThread]: End processing [heimdallm]: success
[2023-07-11 00:02:23] INFO root fetch - processPackages [slingshot-ai]: Remove: archive file [/home/abi/fetcher/tmp/slingshot_ai-0.0.14.tar.gz]
[2023-07-11 00:02:23] INFO root fetch - processPackages [slingshot-ai]: Remove: archive file [/home/abi/fetcher/tmp/slingshot_ai-0.0.15.tar.gz]
[2023-07-11 00:02:23] INFO root fetch - main [MainThread]: End processing [slingshot-ai]: success
[2023-07-11 00:02:23] INFO root fetch - processPackages [saltext.azurerm]: Remove: archive file [/home/abi/fetcher/tmp/saltext.azurerm-2.0.2.tar.gz]
[2023-07-11 00:02:23] INFO root fetch - processPackages [saltext.azurerm]: Remove: archive file [/home/abi/fetcher/tmp/saltext.azurerm-3.0.0.tar.gz]
[2023-07-11 00:02:23] INFO root fetch - main [MainThread]: End processing [saltext.azurerm]: success
[2023-07-11 00:03:12] INFO root fetch - processPackages [composabl-dev]: Remove: archive file [/home/abi/fetcher/tmp/composabl_dev-0.2.3.dev28-cp38-cp38-musllinux_1_1_x86_64.whl.zip]
[2023-07-11 00:03:12] INFO root fetch - processPackages [composabl-dev]: Remove: archive file [/home/abi/fetcher/tmp/composabl_dev-0.2.3.dev3-cp38-cp38-musllinux_1_1_x86_64.whl.zip]
[2023-07-11 00:03:12] INFO root fetch - main [MainThread]: End processing [composabl-dev]: success
[2023-07-11 00:03:12] INFO root fetch - main [MainThread]: Store serial: [18836897]
